Determining if the pthread_create exist failed with the following output:
Change Dir: /home/6ima2/jolan.goulin/Bureau/projet c++/Simple-Cpp-Setup-main/build/CMakeFiles/CMakeTmp

Run Build Command:"/usr/bin/make" "cmTC_9cb53/fast"
/usr/bin/make -f CMakeFiles/cmTC_9cb53.dir/build.make CMakeFiles/cmTC_9cb53.dir/build
make[1] : on entre dans le répertoire « /home/6ima2/jolan.goulin/Bureau/projet c++/Simple-Cpp-Setup-main/build/CMakeFiles/CMakeTmp »
Building C object CMakeFiles/cmTC_9cb53.dir/CheckSymbolExists.c.o
/usr/bin/clang-7    -o CMakeFiles/cmTC_9cb53.dir/CheckSymbolExists.c.o   -c "/home/6ima2/jolan.goulin/Bureau/projet c++/Simple-Cpp-Setup-main/build/CMakeFiles/CMakeTmp/CheckSymbolExists.c"
Linking C executable cmTC_9cb53
/usr/bin/cmake -E cmake_link_script CMakeFiles/cmTC_9cb53.dir/link.txt --verbose=1
/usr/bin/clang-7      CMakeFiles/cmTC_9cb53.dir/CheckSymbolExists.c.o  -o cmTC_9cb53 
/usr/bin/ld: CMakeFiles/cmTC_9cb53.dir/CheckSymbolExists.c.o: in function `main':
CheckSymbolExists.c:(.text+0x19): undefined reference to `pthread_create'
clang: error: linker command failed with exit code 1 (use -v to see invocation)
make[1]: *** [CMakeFiles/cmTC_9cb53.dir/build.make:87: cmTC_9cb53] Error 1
make[1] : on quitte le répertoire « /home/6ima2/jolan.goulin/Bureau/projet c++/Simple-Cpp-Setup-main/build/CMakeFiles/CMakeTmp »
make: *** [Makefile:121: cmTC_9cb53/fast] Error 2

File /home/6ima2/jolan.goulin/Bureau/projet c++/Simple-Cpp-Setup-main/build/CMakeFiles/CMakeTmp/CheckSymbolExists.c:
/* */
#include <pthread.h>

int main(int argc, char** argv)
{
  (void)argv;
#ifndef pthread_create
  return ((int*)(&pthread_create))[argc];
#else
  (void)argc;
  return 0;
#endif
}

Determining if the function pthread_create exists in the pthreads failed with the following output:
Change Dir: /home/6ima2/jolan.goulin/Bureau/projet c++/Simple-Cpp-Setup-main/build/CMakeFiles/CMakeTmp

Run Build Command:"/usr/bin/make" "cmTC_df18d/fast"
/usr/bin/make -f CMakeFiles/cmTC_df18d.dir/build.make CMakeFiles/cmTC_df18d.dir/build
make[1] : on entre dans le répertoire « /home/6ima2/jolan.goulin/Bureau/projet c++/Simple-Cpp-Setup-main/build/CMakeFiles/CMakeTmp »
Building C object CMakeFiles/cmTC_df18d.dir/CheckFunctionExists.c.o
/usr/bin/clang-7   -DCHECK_FUNCTION_EXISTS=pthread_create   -o CMakeFiles/cmTC_df18d.dir/CheckFunctionExists.c.o   -c /usr/share/cmake-3.13/Modules/CheckFunctionExists.c
Linking C executable cmTC_df18d
/usr/bin/cmake -E cmake_link_script CMakeFiles/cmTC_df18d.dir/link.txt --verbose=1
/usr/bin/clang-7  -DCHECK_FUNCTION_EXISTS=pthread_create    CMakeFiles/cmTC_df18d.dir/CheckFunctionExists.c.o  -o cmTC_df18d -lpthreads 
/usr/bin/ld : ne peut trouver -lpthreads
clang: error: linker command failed with exit code 1 (use -v to see invocation)
make[1]: *** [CMakeFiles/cmTC_df18d.dir/build.make:87: cmTC_df18d] Error 1
make[1] : on quitte le répertoire « /home/6ima2/jolan.goulin/Bureau/projet c++/Simple-Cpp-Setup-main/build/CMakeFiles/CMakeTmp »
make: *** [Makefile:121: cmTC_df18d/fast] Error 2


Compiling the C compiler identification source file "CMakeCCompilerId.c" failed.
Compiler: C:/Program Files/Microsoft Visual Studio/2022/Community/VC/Tools/Llvm/x64/bin/clang-cl.exe 
Build flags: 
Id flags:  

The output was:
1
clang-cl: error: unable to execute command: program not executable
clang-cl: error: linker command failed with exit code 1 (use -v to see invocation)


Compiling the CXX compiler identification source file "CMakeCXXCompilerId.cpp" failed.
Compiler: C:/Program Files/Microsoft Visual Studio/2022/Community/VC/Tools/Llvm/x64/bin/clang-cl.exe 
Build flags: 
Id flags:  

The output was:
1
clang-cl: error: unable to execute command: program not executable
clang-cl: error: linker command failed with exit code 1 (use -v to see invocation)


Determining if the include file pthread.h exists failed with the following output:
Change Dir: C:/Users/gouli/OneDrive/Bureau/Drawing_App/Prog-S4-Dra-ing-App/build/CMakeFiles/CMakeTmp

Run Build Command(s):C:/PROGRA~1/MICROS~4/2022/COMMUN~1/Common7/IDE/COMMON~1/MICROS~1/CMake/Ninja/ninja.exe cmTC_9a6de && [1/2] Building C object CMakeFiles\cmTC_9a6de.dir\CheckIncludeFile.c.obj
FAILED: CMakeFiles/cmTC_9a6de.dir/CheckIncludeFile.c.obj 
C:\PROGRA~1\MICROS~4\2022\COMMUN~1\VC\Tools\Llvm\x64\bin\clang-cl.exe  /nologo   /DWIN32 /D_WINDOWS /W3  /MDd /Zi /Ob0 /Od /RTC1 /showIncludes /FoCMakeFiles\cmTC_9a6de.dir\CheckIncludeFile.c.obj /FdCMakeFiles\cmTC_9a6de.dir\ -c -- C:\Users\gouli\OneDrive\Bureau\Drawing_App\Prog-S4-Dra-ing-App\build\CMakeFiles\CMakeTmp\CheckIncludeFile.c
C:\Users\gouli\OneDrive\Bureau\Drawing_App\Prog-S4-Dra-ing-App\build\CMakeFiles\CMakeTmp\CheckIncludeFile.c(1,10): fatal error: 'pthread.h' file not found
#include <pthread.h>
         ^~~~~~~~~~~
1 error generated.
ninja: build stopped: subcommand failed.



