The system is: Linux - 5.8.0-0.bpo.2-amd64 - x86_64
Compiling the C compiler identification source file "CMakeCCompilerId.c" succeeded.
Compiler: /usr/bin/clang-7 
Build flags: 
Id flags:  

The output was:
0


Compilation of the C compiler identification source "CMakeCCompilerId.c" produced "a.out"

The C compiler identification is Clang, found in "/home/6ima2/jolan.goulin/Bureau/projet c++/Simple-Cpp-Setup-main/build/CMakeFiles/3.13.4/CompilerIdC/a.out"

Compiling the CXX compiler identification source file "CMakeCXXCompilerId.cpp" succeeded.
Compiler: /usr/bin/clang++-7 
Build flags: 
Id flags:  

The output was:
0


Compilation of the CXX compiler identification source "CMakeCXXCompilerId.cpp" produced "a.out"

The CXX compiler identification is Clang, found in "/home/6ima2/jolan.goulin/Bureau/projet c++/Simple-Cpp-Setup-main/build/CMakeFiles/3.13.4/CompilerIdCXX/a.out"

Determining if the C compiler works passed with the following output:
Change Dir: /home/6ima2/jolan.goulin/Bureau/projet c++/Simple-Cpp-Setup-main/build/CMakeFiles/CMakeTmp

Run Build Command:"/usr/bin/make" "cmTC_f9c25/fast"
/usr/bin/make -f CMakeFiles/cmTC_f9c25.dir/build.make CMakeFiles/cmTC_f9c25.dir/build
make[1] : on entre dans le répertoire « /home/6ima2/jolan.goulin/Bureau/projet c++/Simple-Cpp-Setup-main/build/CMakeFiles/CMakeTmp »
Building C object CMakeFiles/cmTC_f9c25.dir/testCCompiler.c.o
/usr/bin/clang-7    -o CMakeFiles/cmTC_f9c25.dir/testCCompiler.c.o   -c "/home/6ima2/jolan.goulin/Bureau/projet c++/Simple-Cpp-Setup-main/build/CMakeFiles/CMakeTmp/testCCompiler.c"
Linking C executable cmTC_f9c25
/usr/bin/cmake -E cmake_link_script CMakeFiles/cmTC_f9c25.dir/link.txt --verbose=1
/usr/bin/clang-7      CMakeFiles/cmTC_f9c25.dir/testCCompiler.c.o  -o cmTC_f9c25 
make[1] : on quitte le répertoire « /home/6ima2/jolan.goulin/Bureau/projet c++/Simple-Cpp-Setup-main/build/CMakeFiles/CMakeTmp »


Detecting C compiler ABI info compiled with the following output:
Change Dir: /home/6ima2/jolan.goulin/Bureau/projet c++/Simple-Cpp-Setup-main/build/CMakeFiles/CMakeTmp

Run Build Command:"/usr/bin/make" "cmTC_244a4/fast"
/usr/bin/make -f CMakeFiles/cmTC_244a4.dir/build.make CMakeFiles/cmTC_244a4.dir/build
make[1] : on entre dans le répertoire « /home/6ima2/jolan.goulin/Bureau/projet c++/Simple-Cpp-Setup-main/build/CMakeFiles/CMakeTmp »
Building C object CMakeFiles/cmTC_244a4.dir/CMakeCCompilerABI.c.o
/usr/bin/clang-7    -o CMakeFiles/cmTC_244a4.dir/CMakeCCompilerABI.c.o   -c /usr/share/cmake-3.13/Modules/CMakeCCompilerABI.c
Linking C executable cmTC_244a4
/usr/bin/cmake -E cmake_link_script CMakeFiles/cmTC_244a4.dir/link.txt --verbose=1
/usr/bin/clang-7     -v CMakeFiles/cmTC_244a4.dir/CMakeCCompilerABI.c.o  -o cmTC_244a4 
clang version 7.0.1-8 (tags/RELEASE_701/final)
Target: x86_64-pc-linux-gnu
Thread model: posix
InstalledDir: /usr/bin
Found candidate GCC installation: /usr/bin/../lib/gcc/i686-linux-gnu/6
Found candidate GCC installation: /usr/bin/../lib/gcc/i686-linux-gnu/6.3.0
Found candidate GCC installation: /usr/bin/../lib/gcc/i686-linux-gnu/8
Found candidate GCC installation: /usr/bin/../lib/gcc/x86_64-linux-gnu/6
Found candidate GCC installation: /usr/bin/../lib/gcc/x86_64-linux-gnu/6.3.0
Found candidate GCC installation: /usr/bin/../lib/gcc/x86_64-linux-gnu/7
Found candidate GCC installation: /usr/bin/../lib/gcc/x86_64-linux-gnu/7.4.0
Found candidate GCC installation: /usr/bin/../lib/gcc/x86_64-linux-gnu/8
Found candidate GCC installation: /usr/lib/gcc/i686-linux-gnu/6
Found candidate GCC installation: /usr/lib/gcc/i686-linux-gnu/6.3.0
Found candidate GCC installation: /usr/lib/gcc/i686-linux-gnu/8
Found candidate GCC installation: /usr/lib/gcc/x86_64-linux-gnu/6
Found candidate GCC installation: /usr/lib/gcc/x86_64-linux-gnu/6.3.0
Found candidate GCC installation: /usr/lib/gcc/x86_64-linux-gnu/7
Found candidate GCC installation: /usr/lib/gcc/x86_64-linux-gnu/7.4.0
Found candidate GCC installation: /usr/lib/gcc/x86_64-linux-gnu/8
Selected GCC installation: /usr/bin/../lib/gcc/x86_64-linux-gnu/8
Candidate multilib: .;@m64
Selected multilib: .;@m64
Found CUDA installation: /usr/lib/cuda, version unknown
 "/usr/bin/ld" --hash-style=both --build-id --eh-frame-hdr -m elf_x86_64 -dynamic-linker /lib64/ld-linux-x86-64.so.2 -o cmTC_244a4 /usr/bin/../lib/gcc/x86_64-linux-gnu/8/../../../x86_64-linux-gnu/crt1.o /usr/bin/../lib/gcc/x86_64-linux-gnu/8/../../../x86_64-linux-gnu/crti.o /usr/bin/../lib/gcc/x86_64-linux-gnu/8/crtbegin.o -L/usr/bin/../lib/gcc/x86_64-linux-gnu/8 -L/usr/bin/../lib/gcc/x86_64-linux-gnu/8/../../../x86_64-linux-gnu -L/usr/bin/../lib/gcc/x86_64-linux-gnu/8/../../../../lib64 -L/lib/x86_64-linux-gnu -L/lib/../lib64 -L/usr/lib/x86_64-linux-gnu -L/usr/lib/../lib64 -L/usr/lib/x86_64-linux-gnu/../../lib64 -L/usr/bin/../lib/gcc/x86_64-linux-gnu/8/../../.. -L/usr/lib/llvm-7/bin/../lib -L/lib -L/usr/lib CMakeFiles/cmTC_244a4.dir/CMakeCCompilerABI.c.o -lgcc --as-needed -lgcc_s --no-as-needed -lc -lgcc --as-needed -lgcc_s --no-as-needed /usr/bin/../lib/gcc/x86_64-linux-gnu/8/crtend.o /usr/bin/../lib/gcc/x86_64-linux-gnu/8/../../../x86_64-linux-gnu/crtn.o
make[1] : on quitte le répertoire « /home/6ima2/jolan.goulin/Bureau/projet c++/Simple-Cpp-Setup-main/build/CMakeFiles/CMakeTmp »


Parsed C implicit link information from above output:
  link line regex: [^( *|.*[/\])(ld|CMAKE_LINK_STARTFILE-NOTFOUND|([^/\]+-)?ld|collect2)[^/\]*( |$)]
  ignore line: [Change Dir: /home/6ima2/jolan.goulin/Bureau/projet c++/Simple-Cpp-Setup-main/build/CMakeFiles/CMakeTmp]
  ignore line: []
  ignore line: [Run Build Command:"/usr/bin/make" "cmTC_244a4/fast"]
  ignore line: [/usr/bin/make -f CMakeFiles/cmTC_244a4.dir/build.make CMakeFiles/cmTC_244a4.dir/build]
  ignore line: [make[1] : on entre dans le répertoire « /home/6ima2/jolan.goulin/Bureau/projet c++/Simple-Cpp-Setup-main/build/CMakeFiles/CMakeTmp »]
  ignore line: [Building C object CMakeFiles/cmTC_244a4.dir/CMakeCCompilerABI.c.o]
  ignore line: [/usr/bin/clang-7    -o CMakeFiles/cmTC_244a4.dir/CMakeCCompilerABI.c.o   -c /usr/share/cmake-3.13/Modules/CMakeCCompilerABI.c]
  ignore line: [Linking C executable cmTC_244a4]
  ignore line: [/usr/bin/cmake -E cmake_link_script CMakeFiles/cmTC_244a4.dir/link.txt --verbose=1]
  ignore line: [/usr/bin/clang-7     -v CMakeFiles/cmTC_244a4.dir/CMakeCCompilerABI.c.o  -o cmTC_244a4 ]
  ignore line: [clang version 7.0.1-8 (tags/RELEASE_701/final)]
  ignore line: [Target: x86_64-pc-linux-gnu]
  ignore line: [Thread model: posix]
  ignore line: [InstalledDir: /usr/bin]
  ignore line: [Found candidate GCC installation: /usr/bin/../lib/gcc/i686-linux-gnu/6]
  ignore line: [Found candidate GCC installation: /usr/bin/../lib/gcc/i686-linux-gnu/6.3.0]
  ignore line: [Found candidate GCC installation: /usr/bin/../lib/gcc/i686-linux-gnu/8]
  ignore line: [Found candidate GCC installation: /usr/bin/../lib/gcc/x86_64-linux-gnu/6]
  ignore line: [Found candidate GCC installation: /usr/bin/../lib/gcc/x86_64-linux-gnu/6.3.0]
  ignore line: [Found candidate GCC installation: /usr/bin/../lib/gcc/x86_64-linux-gnu/7]
  ignore line: [Found candidate GCC installation: /usr/bin/../lib/gcc/x86_64-linux-gnu/7.4.0]
  ignore line: [Found candidate GCC installation: /usr/bin/../lib/gcc/x86_64-linux-gnu/8]
  ignore line: [Found candidate GCC installation: /usr/lib/gcc/i686-linux-gnu/6]
  ignore line: [Found candidate GCC installation: /usr/lib/gcc/i686-linux-gnu/6.3.0]
  ignore line: [Found candidate GCC installation: /usr/lib/gcc/i686-linux-gnu/8]
  ignore line: [Found candidate GCC installation: /usr/lib/gcc/x86_64-linux-gnu/6]
  ignore line: [Found candidate GCC installation: /usr/lib/gcc/x86_64-linux-gnu/6.3.0]
  ignore line: [Found candidate GCC installation: /usr/lib/gcc/x86_64-linux-gnu/7]
  ignore line: [Found candidate GCC installation: /usr/lib/gcc/x86_64-linux-gnu/7.4.0]
  ignore line: [Found candidate GCC installation: /usr/lib/gcc/x86_64-linux-gnu/8]
  ignore line: [Selected GCC installation: /usr/bin/../lib/gcc/x86_64-linux-gnu/8]
  ignore line: [Candidate multilib: .]
  ignore line: [@m64]
  ignore line: [Selected multilib: .]
  ignore line: [@m64]
  ignore line: [Found CUDA installation: /usr/lib/cuda, version unknown]
  link line: [ "/usr/bin/ld" --hash-style=both --build-id --eh-frame-hdr -m elf_x86_64 -dynamic-linker /lib64/ld-linux-x86-64.so.2 -o cmTC_244a4 /usr/bin/../lib/gcc/x86_64-linux-gnu/8/../../../x86_64-linux-gnu/crt1.o /usr/bin/../lib/gcc/x86_64-linux-gnu/8/../../../x86_64-linux-gnu/crti.o /usr/bin/../lib/gcc/x86_64-linux-gnu/8/crtbegin.o -L/usr/bin/../lib/gcc/x86_64-linux-gnu/8 -L/usr/bin/../lib/gcc/x86_64-linux-gnu/8/../../../x86_64-linux-gnu -L/usr/bin/../lib/gcc/x86_64-linux-gnu/8/../../../../lib64 -L/lib/x86_64-linux-gnu -L/lib/../lib64 -L/usr/lib/x86_64-linux-gnu -L/usr/lib/../lib64 -L/usr/lib/x86_64-linux-gnu/../../lib64 -L/usr/bin/../lib/gcc/x86_64-linux-gnu/8/../../.. -L/usr/lib/llvm-7/bin/../lib -L/lib -L/usr/lib CMakeFiles/cmTC_244a4.dir/CMakeCCompilerABI.c.o -lgcc --as-needed -lgcc_s --no-as-needed -lc -lgcc --as-needed -lgcc_s --no-as-needed /usr/bin/../lib/gcc/x86_64-linux-gnu/8/crtend.o /usr/bin/../lib/gcc/x86_64-linux-gnu/8/../../../x86_64-linux-gnu/crtn.o]
    arg [/usr/bin/ld] ==> ignore
    arg [--hash-style=both] ==> ignore
    arg [--build-id] ==> ignore
    arg [--eh-frame-hdr] ==> ignore
    arg [-m] ==> ignore
    arg [elf_x86_64] ==> ignore
    arg [-dynamic-linker] ==> ignore
    arg [/lib64/ld-linux-x86-64.so.2] ==> ignore
    arg [-o] ==> ignore
    arg [cmTC_244a4] ==> ignore
    arg [/usr/bin/../lib/gcc/x86_64-linux-gnu/8/../../../x86_64-linux-gnu/crt1.o] ==> ignore
    arg [/usr/bin/../lib/gcc/x86_64-linux-gnu/8/../../../x86_64-linux-gnu/crti.o] ==> ignore
    arg [/usr/bin/../lib/gcc/x86_64-linux-gnu/8/crtbegin.o] ==> ignore
    arg [-L/usr/bin/../lib/gcc/x86_64-linux-gnu/8] ==> dir [/usr/bin/../lib/gcc/x86_64-linux-gnu/8]
    arg [-L/usr/bin/../lib/gcc/x86_64-linux-gnu/8/../../../x86_64-linux-gnu] ==> dir [/usr/bin/../lib/gcc/x86_64-linux-gnu/8/../../../x86_64-linux-gnu]
    arg [-L/usr/bin/../lib/gcc/x86_64-linux-gnu/8/../../../../lib64] ==> dir [/usr/bin/../lib/gcc/x86_64-linux-gnu/8/../../../../lib64]
    arg [-L/lib/x86_64-linux-gnu] ==> dir [/lib/x86_64-linux-gnu]
    arg [-L/lib/../lib64] ==> dir [/lib/../lib64]
    arg [-L/usr/lib/x86_64-linux-gnu] ==> dir [/usr/lib/x86_64-linux-gnu]
    arg [-L/usr/lib/../lib64] ==> dir [/usr/lib/../lib64]
    arg [-L/usr/lib/x86_64-linux-gnu/../../lib64] ==> dir [/usr/lib/x86_64-linux-gnu/../../lib64]
    arg [-L/usr/bin/../lib/gcc/x86_64-linux-gnu/8/../../..] ==> dir [/usr/bin/../lib/gcc/x86_64-linux-gnu/8/../../..]
    arg [-L/usr/lib/llvm-7/bin/../lib] ==> dir [/usr/lib/llvm-7/bin/../lib]
    arg [-L/lib] ==> dir [/lib]
    arg [-L/usr/lib] ==> dir [/usr/lib]
    arg [CMakeFiles/cmTC_244a4.dir/CMakeCCompilerABI.c.o] ==> ignore
    arg [-lgcc] ==> lib [gcc]
    arg [--as-needed] ==> ignore
    arg [-lgcc_s] ==> lib [gcc_s]
    arg [--no-as-needed] ==> ignore
    arg [-lc] ==> lib [c]
    arg [-lgcc] ==> lib [gcc]
    arg [--as-needed] ==> ignore
    arg [-lgcc_s] ==> lib [gcc_s]
    arg [--no-as-needed] ==> ignore
    arg [/usr/bin/../lib/gcc/x86_64-linux-gnu/8/crtend.o] ==> ignore
    arg [/usr/bin/../lib/gcc/x86_64-linux-gnu/8/../../../x86_64-linux-gnu/crtn.o] ==> ignore
  collapse library dir [/usr/bin/../lib/gcc/x86_64-linux-gnu/8] ==> [/usr/lib/gcc/x86_64-linux-gnu/8]
  collapse library dir [/usr/bin/../lib/gcc/x86_64-linux-gnu/8/../../../x86_64-linux-gnu] ==> [/usr/lib/x86_64-linux-gnu]
  collapse library dir [/usr/bin/../lib/gcc/x86_64-linux-gnu/8/../../../../lib64] ==> [/usr/lib64]
  collapse library dir [/lib/x86_64-linux-gnu] ==> [/lib/x86_64-linux-gnu]
  collapse library dir [/lib/../lib64] ==> [/lib64]
  collapse library dir [/usr/lib/x86_64-linux-gnu] ==> [/usr/lib/x86_64-linux-gnu]
  collapse library dir [/usr/lib/../lib64] ==> [/usr/lib64]
  collapse library dir [/usr/lib/x86_64-linux-gnu/../../lib64] ==> [/usr/lib64]
  collapse library dir [/usr/bin/../lib/gcc/x86_64-linux-gnu/8/../../..] ==> [/usr/lib]
  collapse library dir [/usr/lib/llvm-7/bin/../lib] ==> [/usr/lib/llvm-7/lib]
  collapse library dir [/lib] ==> [/lib]
  collapse library dir [/usr/lib] ==> [/usr/lib]
  implicit libs: [gcc;gcc_s;c;gcc;gcc_s]
  implicit dirs: [/usr/lib/gcc/x86_64-linux-gnu/8;/usr/lib/x86_64-linux-gnu;/usr/lib64;/lib/x86_64-linux-gnu;/lib64;/usr/lib;/usr/lib/llvm-7/lib;/lib]
  implicit fwks: []




Detecting C [-std=c11] compiler features compiled with the following output:
Change Dir: /home/6ima2/jolan.goulin/Bureau/projet c++/Simple-Cpp-Setup-main/build/CMakeFiles/CMakeTmp

Run Build Command:"/usr/bin/make" "cmTC_8c8f0/fast"
/usr/bin/make -f CMakeFiles/cmTC_8c8f0.dir/build.make CMakeFiles/cmTC_8c8f0.dir/build
make[1] : on entre dans le répertoire « /home/6ima2/jolan.goulin/Bureau/projet c++/Simple-Cpp-Setup-main/build/CMakeFiles/CMakeTmp »
Building C object CMakeFiles/cmTC_8c8f0.dir/feature_tests.c.o
/usr/bin/clang-7   -std=c11 -o CMakeFiles/cmTC_8c8f0.dir/feature_tests.c.o   -c "/home/6ima2/jolan.goulin/Bureau/projet c++/Simple-Cpp-Setup-main/build/CMakeFiles/feature_tests.c"
Linking C executable cmTC_8c8f0
/usr/bin/cmake -E cmake_link_script CMakeFiles/cmTC_8c8f0.dir/link.txt --verbose=1
/usr/bin/clang-7      CMakeFiles/cmTC_8c8f0.dir/feature_tests.c.o  -o cmTC_8c8f0 
make[1] : on quitte le répertoire « /home/6ima2/jolan.goulin/Bureau/projet c++/Simple-Cpp-Setup-main/build/CMakeFiles/CMakeTmp »


    Feature record: C_FEATURE:1c_function_prototypes
    Feature record: C_FEATURE:1c_restrict
    Feature record: C_FEATURE:1c_static_assert
    Feature record: C_FEATURE:1c_variadic_macros


Detecting C [-std=c99] compiler features compiled with the following output:
Change Dir: /home/6ima2/jolan.goulin/Bureau/projet c++/Simple-Cpp-Setup-main/build/CMakeFiles/CMakeTmp

Run Build Command:"/usr/bin/make" "cmTC_20bd0/fast"
/usr/bin/make -f CMakeFiles/cmTC_20bd0.dir/build.make CMakeFiles/cmTC_20bd0.dir/build
make[1] : on entre dans le répertoire « /home/6ima2/jolan.goulin/Bureau/projet c++/Simple-Cpp-Setup-main/build/CMakeFiles/CMakeTmp »
Building C object CMakeFiles/cmTC_20bd0.dir/feature_tests.c.o
/usr/bin/clang-7   -std=c99 -o CMakeFiles/cmTC_20bd0.dir/feature_tests.c.o   -c "/home/6ima2/jolan.goulin/Bureau/projet c++/Simple-Cpp-Setup-main/build/CMakeFiles/feature_tests.c"
Linking C executable cmTC_20bd0
/usr/bin/cmake -E cmake_link_script CMakeFiles/cmTC_20bd0.dir/link.txt --verbose=1
/usr/bin/clang-7      CMakeFiles/cmTC_20bd0.dir/feature_tests.c.o  -o cmTC_20bd0 
make[1] : on quitte le répertoire « /home/6ima2/jolan.goulin/Bureau/projet c++/Simple-Cpp-Setup-main/build/CMakeFiles/CMakeTmp »


    Feature record: C_FEATURE:1c_function_prototypes
    Feature record: C_FEATURE:1c_restrict
    Feature record: C_FEATURE:0c_static_assert
    Feature record: C_FEATURE:1c_variadic_macros


Detecting C [-std=c90] compiler features compiled with the following output:
Change Dir: /home/6ima2/jolan.goulin/Bureau/projet c++/Simple-Cpp-Setup-main/build/CMakeFiles/CMakeTmp

Run Build Command:"/usr/bin/make" "cmTC_8cf55/fast"
/usr/bin/make -f CMakeFiles/cmTC_8cf55.dir/build.make CMakeFiles/cmTC_8cf55.dir/build
make[1] : on entre dans le répertoire « /home/6ima2/jolan.goulin/Bureau/projet c++/Simple-Cpp-Setup-main/build/CMakeFiles/CMakeTmp »
Building C object CMakeFiles/cmTC_8cf55.dir/feature_tests.c.o
/usr/bin/clang-7   -std=c90 -o CMakeFiles/cmTC_8cf55.dir/feature_tests.c.o   -c "/home/6ima2/jolan.goulin/Bureau/projet c++/Simple-Cpp-Setup-main/build/CMakeFiles/feature_tests.c"
Linking C executable cmTC_8cf55
/usr/bin/cmake -E cmake_link_script CMakeFiles/cmTC_8cf55.dir/link.txt --verbose=1
/usr/bin/clang-7      CMakeFiles/cmTC_8cf55.dir/feature_tests.c.o  -o cmTC_8cf55 
make[1] : on quitte le répertoire « /home/6ima2/jolan.goulin/Bureau/projet c++/Simple-Cpp-Setup-main/build/CMakeFiles/CMakeTmp »


    Feature record: C_FEATURE:1c_function_prototypes
    Feature record: C_FEATURE:0c_restrict
    Feature record: C_FEATURE:0c_static_assert
    Feature record: C_FEATURE:0c_variadic_macros
Determining if the CXX compiler works passed with the following output:
Change Dir: /home/6ima2/jolan.goulin/Bureau/projet c++/Simple-Cpp-Setup-main/build/CMakeFiles/CMakeTmp

Run Build Command:"/usr/bin/make" "cmTC_db60b/fast"
/usr/bin/make -f CMakeFiles/cmTC_db60b.dir/build.make CMakeFiles/cmTC_db60b.dir/build
make[1] : on entre dans le répertoire « /home/6ima2/jolan.goulin/Bureau/projet c++/Simple-Cpp-Setup-main/build/CMakeFiles/CMakeTmp »
Building CXX object CMakeFiles/cmTC_db60b.dir/testCXXCompiler.cxx.o
/usr/bin/clang++-7     -o CMakeFiles/cmTC_db60b.dir/testCXXCompiler.cxx.o -c "/home/6ima2/jolan.goulin/Bureau/projet c++/Simple-Cpp-Setup-main/build/CMakeFiles/CMakeTmp/testCXXCompiler.cxx"
Linking CXX executable cmTC_db60b
/usr/bin/cmake -E cmake_link_script CMakeFiles/cmTC_db60b.dir/link.txt --verbose=1
/usr/bin/clang++-7       CMakeFiles/cmTC_db60b.dir/testCXXCompiler.cxx.o  -o cmTC_db60b 
make[1] : on quitte le répertoire « /home/6ima2/jolan.goulin/Bureau/projet c++/Simple-Cpp-Setup-main/build/CMakeFiles/CMakeTmp »


Detecting CXX compiler ABI info compiled with the following output:
Change Dir: /home/6ima2/jolan.goulin/Bureau/projet c++/Simple-Cpp-Setup-main/build/CMakeFiles/CMakeTmp

Run Build Command:"/usr/bin/make" "cmTC_f1be4/fast"
/usr/bin/make -f CMakeFiles/cmTC_f1be4.dir/build.make CMakeFiles/cmTC_f1be4.dir/build
make[1] : on entre dans le répertoire « /home/6ima2/jolan.goulin/Bureau/projet c++/Simple-Cpp-Setup-main/build/CMakeFiles/CMakeTmp »
Building CXX object CMakeFiles/cmTC_f1be4.dir/CMakeCXXCompilerABI.cpp.o
/usr/bin/clang++-7     -o CMakeFiles/cmTC_f1be4.dir/CMakeCXXCompilerABI.cpp.o -c /usr/share/cmake-3.13/Modules/CMakeCXXCompilerABI.cpp
Linking CXX executable cmTC_f1be4
/usr/bin/cmake -E cmake_link_script CMakeFiles/cmTC_f1be4.dir/link.txt --verbose=1
/usr/bin/clang++-7      -v CMakeFiles/cmTC_f1be4.dir/CMakeCXXCompilerABI.cpp.o  -o cmTC_f1be4 
clang version 7.0.1-8 (tags/RELEASE_701/final)
Target: x86_64-pc-linux-gnu
Thread model: posix
InstalledDir: /usr/bin
Found candidate GCC installation: /usr/bin/../lib/gcc/i686-linux-gnu/6
Found candidate GCC installation: /usr/bin/../lib/gcc/i686-linux-gnu/6.3.0
Found candidate GCC installation: /usr/bin/../lib/gcc/i686-linux-gnu/8
Found candidate GCC installation: /usr/bin/../lib/gcc/x86_64-linux-gnu/6
Found candidate GCC installation: /usr/bin/../lib/gcc/x86_64-linux-gnu/6.3.0
Found candidate GCC installation: /usr/bin/../lib/gcc/x86_64-linux-gnu/7
Found candidate GCC installation: /usr/bin/../lib/gcc/x86_64-linux-gnu/7.4.0
Found candidate GCC installation: /usr/bin/../lib/gcc/x86_64-linux-gnu/8
Found candidate GCC installation: /usr/lib/gcc/i686-linux-gnu/6
Found candidate GCC installation: /usr/lib/gcc/i686-linux-gnu/6.3.0
Found candidate GCC installation: /usr/lib/gcc/i686-linux-gnu/8
Found candidate GCC installation: /usr/lib/gcc/x86_64-linux-gnu/6
Found candidate GCC installation: /usr/lib/gcc/x86_64-linux-gnu/6.3.0
Found candidate GCC installation: /usr/lib/gcc/x86_64-linux-gnu/7
Found candidate GCC installation: /usr/lib/gcc/x86_64-linux-gnu/7.4.0
Found candidate GCC installation: /usr/lib/gcc/x86_64-linux-gnu/8
Selected GCC installation: /usr/bin/../lib/gcc/x86_64-linux-gnu/8
Candidate multilib: .;@m64
Selected multilib: .;@m64
Found CUDA installation: /usr/lib/cuda, version unknown
 "/usr/bin/ld" --hash-style=both --build-id --eh-frame-hdr -m elf_x86_64 -dynamic-linker /lib64/ld-linux-x86-64.so.2 -o cmTC_f1be4 /usr/bin/../lib/gcc/x86_64-linux-gnu/8/../../../x86_64-linux-gnu/crt1.o /usr/bin/../lib/gcc/x86_64-linux-gnu/8/../../../x86_64-linux-gnu/crti.o /usr/bin/../lib/gcc/x86_64-linux-gnu/8/crtbegin.o -L/usr/bin/../lib/gcc/x86_64-linux-gnu/8 -L/usr/bin/../lib/gcc/x86_64-linux-gnu/8/../../../x86_64-linux-gnu -L/usr/bin/../lib/gcc/x86_64-linux-gnu/8/../../../../lib64 -L/lib/x86_64-linux-gnu -L/lib/../lib64 -L/usr/lib/x86_64-linux-gnu -L/usr/lib/../lib64 -L/usr/lib/x86_64-linux-gnu/../../lib64 -L/usr/bin/../lib/gcc/x86_64-linux-gnu/8/../../.. -L/usr/lib/llvm-7/bin/../lib -L/lib -L/usr/lib CMakeFiles/cmTC_f1be4.dir/CMakeCXXCompilerABI.cpp.o -lstdc++ -lm -lgcc_s -lgcc -lc -lgcc_s -lgcc /usr/bin/../lib/gcc/x86_64-linux-gnu/8/crtend.o /usr/bin/../lib/gcc/x86_64-linux-gnu/8/../../../x86_64-linux-gnu/crtn.o
make[1] : on quitte le répertoire « /home/6ima2/jolan.goulin/Bureau/projet c++/Simple-Cpp-Setup-main/build/CMakeFiles/CMakeTmp »


Parsed CXX implicit link information from above output:
  link line regex: [^( *|.*[/\])(ld|CMAKE_LINK_STARTFILE-NOTFOUND|([^/\]+-)?ld|collect2)[^/\]*( |$)]
  ignore line: [Change Dir: /home/6ima2/jolan.goulin/Bureau/projet c++/Simple-Cpp-Setup-main/build/CMakeFiles/CMakeTmp]
  ignore line: []
  ignore line: [Run Build Command:"/usr/bin/make" "cmTC_f1be4/fast"]
  ignore line: [/usr/bin/make -f CMakeFiles/cmTC_f1be4.dir/build.make CMakeFiles/cmTC_f1be4.dir/build]
  ignore line: [make[1] : on entre dans le répertoire « /home/6ima2/jolan.goulin/Bureau/projet c++/Simple-Cpp-Setup-main/build/CMakeFiles/CMakeTmp »]
  ignore line: [Building CXX object CMakeFiles/cmTC_f1be4.dir/CMakeCXXCompilerABI.cpp.o]
  ignore line: [/usr/bin/clang++-7     -o CMakeFiles/cmTC_f1be4.dir/CMakeCXXCompilerABI.cpp.o -c /usr/share/cmake-3.13/Modules/CMakeCXXCompilerABI.cpp]
  ignore line: [Linking CXX executable cmTC_f1be4]
  ignore line: [/usr/bin/cmake -E cmake_link_script CMakeFiles/cmTC_f1be4.dir/link.txt --verbose=1]
  ignore line: [/usr/bin/clang++-7      -v CMakeFiles/cmTC_f1be4.dir/CMakeCXXCompilerABI.cpp.o  -o cmTC_f1be4 ]
  ignore line: [clang version 7.0.1-8 (tags/RELEASE_701/final)]
  ignore line: [Target: x86_64-pc-linux-gnu]
  ignore line: [Thread model: posix]
  ignore line: [InstalledDir: /usr/bin]
  ignore line: [Found candidate GCC installation: /usr/bin/../lib/gcc/i686-linux-gnu/6]
  ignore line: [Found candidate GCC installation: /usr/bin/../lib/gcc/i686-linux-gnu/6.3.0]
  ignore line: [Found candidate GCC installation: /usr/bin/../lib/gcc/i686-linux-gnu/8]
  ignore line: [Found candidate GCC installation: /usr/bin/../lib/gcc/x86_64-linux-gnu/6]
  ignore line: [Found candidate GCC installation: /usr/bin/../lib/gcc/x86_64-linux-gnu/6.3.0]
  ignore line: [Found candidate GCC installation: /usr/bin/../lib/gcc/x86_64-linux-gnu/7]
  ignore line: [Found candidate GCC installation: /usr/bin/../lib/gcc/x86_64-linux-gnu/7.4.0]
  ignore line: [Found candidate GCC installation: /usr/bin/../lib/gcc/x86_64-linux-gnu/8]
  ignore line: [Found candidate GCC installation: /usr/lib/gcc/i686-linux-gnu/6]
  ignore line: [Found candidate GCC installation: /usr/lib/gcc/i686-linux-gnu/6.3.0]
  ignore line: [Found candidate GCC installation: /usr/lib/gcc/i686-linux-gnu/8]
  ignore line: [Found candidate GCC installation: /usr/lib/gcc/x86_64-linux-gnu/6]
  ignore line: [Found candidate GCC installation: /usr/lib/gcc/x86_64-linux-gnu/6.3.0]
  ignore line: [Found candidate GCC installation: /usr/lib/gcc/x86_64-linux-gnu/7]
  ignore line: [Found candidate GCC installation: /usr/lib/gcc/x86_64-linux-gnu/7.4.0]
  ignore line: [Found candidate GCC installation: /usr/lib/gcc/x86_64-linux-gnu/8]
  ignore line: [Selected GCC installation: /usr/bin/../lib/gcc/x86_64-linux-gnu/8]
  ignore line: [Candidate multilib: .]
  ignore line: [@m64]
  ignore line: [Selected multilib: .]
  ignore line: [@m64]
  ignore line: [Found CUDA installation: /usr/lib/cuda, version unknown]
  link line: [ "/usr/bin/ld" --hash-style=both --build-id --eh-frame-hdr -m elf_x86_64 -dynamic-linker /lib64/ld-linux-x86-64.so.2 -o cmTC_f1be4 /usr/bin/../lib/gcc/x86_64-linux-gnu/8/../../../x86_64-linux-gnu/crt1.o /usr/bin/../lib/gcc/x86_64-linux-gnu/8/../../../x86_64-linux-gnu/crti.o /usr/bin/../lib/gcc/x86_64-linux-gnu/8/crtbegin.o -L/usr/bin/../lib/gcc/x86_64-linux-gnu/8 -L/usr/bin/../lib/gcc/x86_64-linux-gnu/8/../../../x86_64-linux-gnu -L/usr/bin/../lib/gcc/x86_64-linux-gnu/8/../../../../lib64 -L/lib/x86_64-linux-gnu -L/lib/../lib64 -L/usr/lib/x86_64-linux-gnu -L/usr/lib/../lib64 -L/usr/lib/x86_64-linux-gnu/../../lib64 -L/usr/bin/../lib/gcc/x86_64-linux-gnu/8/../../.. -L/usr/lib/llvm-7/bin/../lib -L/lib -L/usr/lib CMakeFiles/cmTC_f1be4.dir/CMakeCXXCompilerABI.cpp.o -lstdc++ -lm -lgcc_s -lgcc -lc -lgcc_s -lgcc /usr/bin/../lib/gcc/x86_64-linux-gnu/8/crtend.o /usr/bin/../lib/gcc/x86_64-linux-gnu/8/../../../x86_64-linux-gnu/crtn.o]
    arg [/usr/bin/ld] ==> ignore
    arg [--hash-style=both] ==> ignore
    arg [--build-id] ==> ignore
    arg [--eh-frame-hdr] ==> ignore
    arg [-m] ==> ignore
    arg [elf_x86_64] ==> ignore
    arg [-dynamic-linker] ==> ignore
    arg [/lib64/ld-linux-x86-64.so.2] ==> ignore
    arg [-o] ==> ignore
    arg [cmTC_f1be4] ==> ignore
    arg [/usr/bin/../lib/gcc/x86_64-linux-gnu/8/../../../x86_64-linux-gnu/crt1.o] ==> ignore
    arg [/usr/bin/../lib/gcc/x86_64-linux-gnu/8/../../../x86_64-linux-gnu/crti.o] ==> ignore
    arg [/usr/bin/../lib/gcc/x86_64-linux-gnu/8/crtbegin.o] ==> ignore
    arg [-L/usr/bin/../lib/gcc/x86_64-linux-gnu/8] ==> dir [/usr/bin/../lib/gcc/x86_64-linux-gnu/8]
    arg [-L/usr/bin/../lib/gcc/x86_64-linux-gnu/8/../../../x86_64-linux-gnu] ==> dir [/usr/bin/../lib/gcc/x86_64-linux-gnu/8/../../../x86_64-linux-gnu]
    arg [-L/usr/bin/../lib/gcc/x86_64-linux-gnu/8/../../../../lib64] ==> dir [/usr/bin/../lib/gcc/x86_64-linux-gnu/8/../../../../lib64]
    arg [-L/lib/x86_64-linux-gnu] ==> dir [/lib/x86_64-linux-gnu]
    arg [-L/lib/../lib64] ==> dir [/lib/../lib64]
    arg [-L/usr/lib/x86_64-linux-gnu] ==> dir [/usr/lib/x86_64-linux-gnu]
    arg [-L/usr/lib/../lib64] ==> dir [/usr/lib/../lib64]
    arg [-L/usr/lib/x86_64-linux-gnu/../../lib64] ==> dir [/usr/lib/x86_64-linux-gnu/../../lib64]
    arg [-L/usr/bin/../lib/gcc/x86_64-linux-gnu/8/../../..] ==> dir [/usr/bin/../lib/gcc/x86_64-linux-gnu/8/../../..]
    arg [-L/usr/lib/llvm-7/bin/../lib] ==> dir [/usr/lib/llvm-7/bin/../lib]
    arg [-L/lib] ==> dir [/lib]
    arg [-L/usr/lib] ==> dir [/usr/lib]
    arg [CMakeFiles/cmTC_f1be4.dir/CMakeCXXCompilerABI.cpp.o] ==> ignore
    arg [-lstdc++] ==> lib [stdc++]
    arg [-lm] ==> lib [m]
    arg [-lgcc_s] ==> lib [gcc_s]
    arg [-lgcc] ==> lib [gcc]
    arg [-lc] ==> lib [c]
    arg [-lgcc_s] ==> lib [gcc_s]
    arg [-lgcc] ==> lib [gcc]
    arg [/usr/bin/../lib/gcc/x86_64-linux-gnu/8/crtend.o] ==> ignore
    arg [/usr/bin/../lib/gcc/x86_64-linux-gnu/8/../../../x86_64-linux-gnu/crtn.o] ==> ignore
  collapse library dir [/usr/bin/../lib/gcc/x86_64-linux-gnu/8] ==> [/usr/lib/gcc/x86_64-linux-gnu/8]
  collapse library dir [/usr/bin/../lib/gcc/x86_64-linux-gnu/8/../../../x86_64-linux-gnu] ==> [/usr/lib/x86_64-linux-gnu]
  collapse library dir [/usr/bin/../lib/gcc/x86_64-linux-gnu/8/../../../../lib64] ==> [/usr/lib64]
  collapse library dir [/lib/x86_64-linux-gnu] ==> [/lib/x86_64-linux-gnu]
  collapse library dir [/lib/../lib64] ==> [/lib64]
  collapse library dir [/usr/lib/x86_64-linux-gnu] ==> [/usr/lib/x86_64-linux-gnu]
  collapse library dir [/usr/lib/../lib64] ==> [/usr/lib64]
  collapse library dir [/usr/lib/x86_64-linux-gnu/../../lib64] ==> [/usr/lib64]
  collapse library dir [/usr/bin/../lib/gcc/x86_64-linux-gnu/8/../../..] ==> [/usr/lib]
  collapse library dir [/usr/lib/llvm-7/bin/../lib] ==> [/usr/lib/llvm-7/lib]
  collapse library dir [/lib] ==> [/lib]
  collapse library dir [/usr/lib] ==> [/usr/lib]
  implicit libs: [stdc++;m;gcc_s;gcc;c;gcc_s;gcc]
  implicit dirs: [/usr/lib/gcc/x86_64-linux-gnu/8;/usr/lib/x86_64-linux-gnu;/usr/lib64;/lib/x86_64-linux-gnu;/lib64;/usr/lib;/usr/lib/llvm-7/lib;/lib]
  implicit fwks: []




Detecting CXX [-std=c++2a] compiler features compiled with the following output:
Change Dir: /home/6ima2/jolan.goulin/Bureau/projet c++/Simple-Cpp-Setup-main/build/CMakeFiles/CMakeTmp

Run Build Command:"/usr/bin/make" "cmTC_78420/fast"
/usr/bin/make -f CMakeFiles/cmTC_78420.dir/build.make CMakeFiles/cmTC_78420.dir/build
make[1] : on entre dans le répertoire « /home/6ima2/jolan.goulin/Bureau/projet c++/Simple-Cpp-Setup-main/build/CMakeFiles/CMakeTmp »
Building CXX object CMakeFiles/cmTC_78420.dir/feature_tests.cxx.o
/usr/bin/clang++-7    -std=c++2a -o CMakeFiles/cmTC_78420.dir/feature_tests.cxx.o -c "/home/6ima2/jolan.goulin/Bureau/projet c++/Simple-Cpp-Setup-main/build/CMakeFiles/feature_tests.cxx"
Linking CXX executable cmTC_78420
/usr/bin/cmake -E cmake_link_script CMakeFiles/cmTC_78420.dir/link.txt --verbose=1
/usr/bin/clang++-7       CMakeFiles/cmTC_78420.dir/feature_tests.cxx.o  -o cmTC_78420 
make[1] : on quitte le répertoire « /home/6ima2/jolan.goulin/Bureau/projet c++/Simple-Cpp-Setup-main/build/CMakeFiles/CMakeTmp »


    Feature record: CXX_FEATURE:1cxx_aggregate_default_initializers
    Feature record: CXX_FEATURE:1cxx_alias_templates
    Feature record: CXX_FEATURE:1cxx_alignas
    Feature record: CXX_FEATURE:1cxx_alignof
    Feature record: CXX_FEATURE:1cxx_attributes
    Feature record: CXX_FEATURE:1cxx_attribute_deprecated
    Feature record: CXX_FEATURE:1cxx_auto_type
    Feature record: CXX_FEATURE:1cxx_binary_literals
    Feature record: CXX_FEATURE:1cxx_constexpr
    Feature record: CXX_FEATURE:1cxx_contextual_conversions
    Feature record: CXX_FEATURE:1cxx_decltype
    Feature record: CXX_FEATURE:1cxx_decltype_auto
    Feature record: CXX_FEATURE:1cxx_decltype_incomplete_return_types
    Feature record: CXX_FEATURE:1cxx_default_function_template_args
    Feature record: CXX_FEATURE:1cxx_defaulted_functions
    Feature record: CXX_FEATURE:1cxx_defaulted_move_initializers
    Feature record: CXX_FEATURE:1cxx_delegating_constructors
    Feature record: CXX_FEATURE:1cxx_deleted_functions
    Feature record: CXX_FEATURE:1cxx_digit_separators
    Feature record: CXX_FEATURE:1cxx_enum_forward_declarations
    Feature record: CXX_FEATURE:1cxx_explicit_conversions
    Feature record: CXX_FEATURE:1cxx_extended_friend_declarations
    Feature record: CXX_FEATURE:1cxx_extern_templates
    Feature record: CXX_FEATURE:1cxx_final
    Feature record: CXX_FEATURE:1cxx_func_identifier
    Feature record: CXX_FEATURE:1cxx_generalized_initializers
    Feature record: CXX_FEATURE:1cxx_generic_lambdas
    Feature record: CXX_FEATURE:1cxx_inheriting_constructors
    Feature record: CXX_FEATURE:1cxx_inline_namespaces
    Feature record: CXX_FEATURE:1cxx_lambdas
    Feature record: CXX_FEATURE:1cxx_lambda_init_captures
    Feature record: CXX_FEATURE:1cxx_local_type_template_args
    Feature record: CXX_FEATURE:1cxx_long_long_type
    Feature record: CXX_FEATURE:1cxx_noexcept
    Feature record: CXX_FEATURE:1cxx_nonstatic_member_init
    Feature record: CXX_FEATURE:1cxx_nullptr
    Feature record: CXX_FEATURE:1cxx_override
    Feature record: CXX_FEATURE:1cxx_range_for
    Feature record: CXX_FEATURE:1cxx_raw_string_literals
    Feature record: CXX_FEATURE:1cxx_reference_qualified_functions
    Feature record: CXX_FEATURE:1cxx_relaxed_constexpr
    Feature record: CXX_FEATURE:1cxx_return_type_deduction
    Feature record: CXX_FEATURE:1cxx_right_angle_brackets
    Feature record: CXX_FEATURE:1cxx_rvalue_references
    Feature record: CXX_FEATURE:1cxx_sizeof_member
    Feature record: CXX_FEATURE:1cxx_static_assert
    Feature record: CXX_FEATURE:1cxx_strong_enums
    Feature record: CXX_FEATURE:1cxx_template_template_parameters
    Feature record: CXX_FEATURE:1cxx_thread_local
    Feature record: CXX_FEATURE:1cxx_trailing_return_types
    Feature record: CXX_FEATURE:1cxx_unicode_literals
    Feature record: CXX_FEATURE:1cxx_uniform_initialization
    Feature record: CXX_FEATURE:1cxx_unrestricted_unions
    Feature record: CXX_FEATURE:1cxx_user_literals
    Feature record: CXX_FEATURE:1cxx_variable_templates
    Feature record: CXX_FEATURE:1cxx_variadic_macros
    Feature record: CXX_FEATURE:1cxx_variadic_templates


Detecting CXX [-std=c++17] compiler features compiled with the following output:
Change Dir: /home/6ima2/jolan.goulin/Bureau/projet c++/Simple-Cpp-Setup-main/build/CMakeFiles/CMakeTmp

Run Build Command:"/usr/bin/make" "cmTC_18f21/fast"
/usr/bin/make -f CMakeFiles/cmTC_18f21.dir/build.make CMakeFiles/cmTC_18f21.dir/build
make[1] : on entre dans le répertoire « /home/6ima2/jolan.goulin/Bureau/projet c++/Simple-Cpp-Setup-main/build/CMakeFiles/CMakeTmp »
Building CXX object CMakeFiles/cmTC_18f21.dir/feature_tests.cxx.o
/usr/bin/clang++-7    -std=c++17 -o CMakeFiles/cmTC_18f21.dir/feature_tests.cxx.o -c "/home/6ima2/jolan.goulin/Bureau/projet c++/Simple-Cpp-Setup-main/build/CMakeFiles/feature_tests.cxx"
Linking CXX executable cmTC_18f21
/usr/bin/cmake -E cmake_link_script CMakeFiles/cmTC_18f21.dir/link.txt --verbose=1
/usr/bin/clang++-7       CMakeFiles/cmTC_18f21.dir/feature_tests.cxx.o  -o cmTC_18f21 
make[1] : on quitte le répertoire « /home/6ima2/jolan.goulin/Bureau/projet c++/Simple-Cpp-Setup-main/build/CMakeFiles/CMakeTmp »


    Feature record: CXX_FEATURE:1cxx_aggregate_default_initializers
    Feature record: CXX_FEATURE:1cxx_alias_templates
    Feature record: CXX_FEATURE:1cxx_alignas
    Feature record: CXX_FEATURE:1cxx_alignof
    Feature record: CXX_FEATURE:1cxx_attributes
    Feature record: CXX_FEATURE:1cxx_attribute_deprecated
    Feature record: CXX_FEATURE:1cxx_auto_type
    Feature record: CXX_FEATURE:1cxx_binary_literals
    Feature record: CXX_FEATURE:1cxx_constexpr
    Feature record: CXX_FEATURE:1cxx_contextual_conversions
    Feature record: CXX_FEATURE:1cxx_decltype
    Feature record: CXX_FEATURE:1cxx_decltype_auto
    Feature record: CXX_FEATURE:1cxx_decltype_incomplete_return_types
    Feature record: CXX_FEATURE:1cxx_default_function_template_args
    Feature record: CXX_FEATURE:1cxx_defaulted_functions
    Feature record: CXX_FEATURE:1cxx_defaulted_move_initializers
    Feature record: CXX_FEATURE:1cxx_delegating_constructors
    Feature record: CXX_FEATURE:1cxx_deleted_functions
    Feature record: CXX_FEATURE:1cxx_digit_separators
    Feature record: CXX_FEATURE:1cxx_enum_forward_declarations
    Feature record: CXX_FEATURE:1cxx_explicit_conversions
    Feature record: CXX_FEATURE:1cxx_extended_friend_declarations
    Feature record: CXX_FEATURE:1cxx_extern_templates
    Feature record: CXX_FEATURE:1cxx_final
    Feature record: CXX_FEATURE:1cxx_func_identifier
    Feature record: CXX_FEATURE:1cxx_generalized_initializers
    Feature record: CXX_FEATURE:1cxx_generic_lambdas
    Feature record: CXX_FEATURE:1cxx_inheriting_constructors
    Feature record: CXX_FEATURE:1cxx_inline_namespaces
    Feature record: CXX_FEATURE:1cxx_lambdas
    Feature record: CXX_FEATURE:1cxx_lambda_init_captures
    Feature record: CXX_FEATURE:1cxx_local_type_template_args
    Feature record: CXX_FEATURE:1cxx_long_long_type
    Feature record: CXX_FEATURE:1cxx_noexcept
    Feature record: CXX_FEATURE:1cxx_nonstatic_member_init
    Feature record: CXX_FEATURE:1cxx_nullptr
    Feature record: CXX_FEATURE:1cxx_override
    Feature record: CXX_FEATURE:1cxx_range_for
    Feature record: CXX_FEATURE:1cxx_raw_string_literals
    Feature record: CXX_FEATURE:1cxx_reference_qualified_functions
    Feature record: CXX_FEATURE:1cxx_relaxed_constexpr
    Feature record: CXX_FEATURE:1cxx_return_type_deduction
    Feature record: CXX_FEATURE:1cxx_right_angle_brackets
    Feature record: CXX_FEATURE:1cxx_rvalue_references
    Feature record: CXX_FEATURE:1cxx_sizeof_member
    Feature record: CXX_FEATURE:1cxx_static_assert
    Feature record: CXX_FEATURE:1cxx_strong_enums
    Feature record: CXX_FEATURE:1cxx_template_template_parameters
    Feature record: CXX_FEATURE:1cxx_thread_local
    Feature record: CXX_FEATURE:1cxx_trailing_return_types
    Feature record: CXX_FEATURE:1cxx_unicode_literals
    Feature record: CXX_FEATURE:1cxx_uniform_initialization
    Feature record: CXX_FEATURE:1cxx_unrestricted_unions
    Feature record: CXX_FEATURE:1cxx_user_literals
    Feature record: CXX_FEATURE:1cxx_variable_templates
    Feature record: CXX_FEATURE:1cxx_variadic_macros
    Feature record: CXX_FEATURE:1cxx_variadic_templates


Detecting CXX [-std=c++14] compiler features compiled with the following output:
Change Dir: /home/6ima2/jolan.goulin/Bureau/projet c++/Simple-Cpp-Setup-main/build/CMakeFiles/CMakeTmp

Run Build Command:"/usr/bin/make" "cmTC_b1929/fast"
/usr/bin/make -f CMakeFiles/cmTC_b1929.dir/build.make CMakeFiles/cmTC_b1929.dir/build
make[1] : on entre dans le répertoire « /home/6ima2/jolan.goulin/Bureau/projet c++/Simple-Cpp-Setup-main/build/CMakeFiles/CMakeTmp »
Building CXX object CMakeFiles/cmTC_b1929.dir/feature_tests.cxx.o
/usr/bin/clang++-7    -std=c++14 -o CMakeFiles/cmTC_b1929.dir/feature_tests.cxx.o -c "/home/6ima2/jolan.goulin/Bureau/projet c++/Simple-Cpp-Setup-main/build/CMakeFiles/feature_tests.cxx"
Linking CXX executable cmTC_b1929
/usr/bin/cmake -E cmake_link_script CMakeFiles/cmTC_b1929.dir/link.txt --verbose=1
/usr/bin/clang++-7       CMakeFiles/cmTC_b1929.dir/feature_tests.cxx.o  -o cmTC_b1929 
make[1] : on quitte le répertoire « /home/6ima2/jolan.goulin/Bureau/projet c++/Simple-Cpp-Setup-main/build/CMakeFiles/CMakeTmp »


    Feature record: CXX_FEATURE:1cxx_aggregate_default_initializers
    Feature record: CXX_FEATURE:1cxx_alias_templates
    Feature record: CXX_FEATURE:1cxx_alignas
    Feature record: CXX_FEATURE:1cxx_alignof
    Feature record: CXX_FEATURE:1cxx_attributes
    Feature record: CXX_FEATURE:1cxx_attribute_deprecated
    Feature record: CXX_FEATURE:1cxx_auto_type
    Feature record: CXX_FEATURE:1cxx_binary_literals
    Feature record: CXX_FEATURE:1cxx_constexpr
    Feature record: CXX_FEATURE:1cxx_contextual_conversions
    Feature record: CXX_FEATURE:1cxx_decltype
    Feature record: CXX_FEATURE:1cxx_decltype_auto
    Feature record: CXX_FEATURE:1cxx_decltype_incomplete_return_types
    Feature record: CXX_FEATURE:1cxx_default_function_template_args
    Feature record: CXX_FEATURE:1cxx_defaulted_functions
    Feature record: CXX_FEATURE:1cxx_defaulted_move_initializers
    Feature record: CXX_FEATURE:1cxx_delegating_constructors
    Feature record: CXX_FEATURE:1cxx_deleted_functions
    Feature record: CXX_FEATURE:1cxx_digit_separators
    Feature record: CXX_FEATURE:1cxx_enum_forward_declarations
    Feature record: CXX_FEATURE:1cxx_explicit_conversions
    Feature record: CXX_FEATURE:1cxx_extended_friend_declarations
    Feature record: CXX_FEATURE:1cxx_extern_templates
    Feature record: CXX_FEATURE:1cxx_final
    Feature record: CXX_FEATURE:1cxx_func_identifier
    Feature record: CXX_FEATURE:1cxx_generalized_initializers
    Feature record: CXX_FEATURE:1cxx_generic_lambdas
    Feature record: CXX_FEATURE:1cxx_inheriting_constructors
    Feature record: CXX_FEATURE:1cxx_inline_namespaces
    Feature record: CXX_FEATURE:1cxx_lambdas
    Feature record: CXX_FEATURE:1cxx_lambda_init_captures
    Feature record: CXX_FEATURE:1cxx_local_type_template_args
    Feature record: CXX_FEATURE:1cxx_long_long_type
    Feature record: CXX_FEATURE:1cxx_noexcept
    Feature record: CXX_FEATURE:1cxx_nonstatic_member_init
    Feature record: CXX_FEATURE:1cxx_nullptr
    Feature record: CXX_FEATURE:1cxx_override
    Feature record: CXX_FEATURE:1cxx_range_for
    Feature record: CXX_FEATURE:1cxx_raw_string_literals
    Feature record: CXX_FEATURE:1cxx_reference_qualified_functions
    Feature record: CXX_FEATURE:1cxx_relaxed_constexpr
    Feature record: CXX_FEATURE:1cxx_return_type_deduction
    Feature record: CXX_FEATURE:1cxx_right_angle_brackets
    Feature record: CXX_FEATURE:1cxx_rvalue_references
    Feature record: CXX_FEATURE:1cxx_sizeof_member
    Feature record: CXX_FEATURE:1cxx_static_assert
    Feature record: CXX_FEATURE:1cxx_strong_enums
    Feature record: CXX_FEATURE:1cxx_template_template_parameters
    Feature record: CXX_FEATURE:1cxx_thread_local
    Feature record: CXX_FEATURE:1cxx_trailing_return_types
    Feature record: CXX_FEATURE:1cxx_unicode_literals
    Feature record: CXX_FEATURE:1cxx_uniform_initialization
    Feature record: CXX_FEATURE:1cxx_unrestricted_unions
    Feature record: CXX_FEATURE:1cxx_user_literals
    Feature record: CXX_FEATURE:1cxx_variable_templates
    Feature record: CXX_FEATURE:1cxx_variadic_macros
    Feature record: CXX_FEATURE:1cxx_variadic_templates


Detecting CXX [-std=c++11] compiler features compiled with the following output:
Change Dir: /home/6ima2/jolan.goulin/Bureau/projet c++/Simple-Cpp-Setup-main/build/CMakeFiles/CMakeTmp

Run Build Command:"/usr/bin/make" "cmTC_20b70/fast"
/usr/bin/make -f CMakeFiles/cmTC_20b70.dir/build.make CMakeFiles/cmTC_20b70.dir/build
make[1] : on entre dans le répertoire « /home/6ima2/jolan.goulin/Bureau/projet c++/Simple-Cpp-Setup-main/build/CMakeFiles/CMakeTmp »
Building CXX object CMakeFiles/cmTC_20b70.dir/feature_tests.cxx.o
/usr/bin/clang++-7    -std=c++11 -o CMakeFiles/cmTC_20b70.dir/feature_tests.cxx.o -c "/home/6ima2/jolan.goulin/Bureau/projet c++/Simple-Cpp-Setup-main/build/CMakeFiles/feature_tests.cxx"
Linking CXX executable cmTC_20b70
/usr/bin/cmake -E cmake_link_script CMakeFiles/cmTC_20b70.dir/link.txt --verbose=1
/usr/bin/clang++-7       CMakeFiles/cmTC_20b70.dir/feature_tests.cxx.o  -o cmTC_20b70 
make[1] : on quitte le répertoire « /home/6ima2/jolan.goulin/Bureau/projet c++/Simple-Cpp-Setup-main/build/CMakeFiles/CMakeTmp »


    Feature record: CXX_FEATURE:0cxx_aggregate_default_initializers
    Feature record: CXX_FEATURE:1cxx_alias_templates
    Feature record: CXX_FEATURE:1cxx_alignas
    Feature record: CXX_FEATURE:1cxx_alignof
    Feature record: CXX_FEATURE:1cxx_attributes
    Feature record: CXX_FEATURE:0cxx_attribute_deprecated
    Feature record: CXX_FEATURE:1cxx_auto_type
    Feature record: CXX_FEATURE:0cxx_binary_literals
    Feature record: CXX_FEATURE:1cxx_constexpr
    Feature record: CXX_FEATURE:0cxx_contextual_conversions
    Feature record: CXX_FEATURE:1cxx_decltype
    Feature record: CXX_FEATURE:0cxx_decltype_auto
    Feature record: CXX_FEATURE:1cxx_decltype_incomplete_return_types
    Feature record: CXX_FEATURE:1cxx_default_function_template_args
    Feature record: CXX_FEATURE:1cxx_defaulted_functions
    Feature record: CXX_FEATURE:1cxx_defaulted_move_initializers
    Feature record: CXX_FEATURE:1cxx_delegating_constructors
    Feature record: CXX_FEATURE:1cxx_deleted_functions
    Feature record: CXX_FEATURE:0cxx_digit_separators
    Feature record: CXX_FEATURE:1cxx_enum_forward_declarations
    Feature record: CXX_FEATURE:1cxx_explicit_conversions
    Feature record: CXX_FEATURE:1cxx_extended_friend_declarations
    Feature record: CXX_FEATURE:1cxx_extern_templates
    Feature record: CXX_FEATURE:1cxx_final
    Feature record: CXX_FEATURE:1cxx_func_identifier
    Feature record: CXX_FEATURE:1cxx_generalized_initializers
    Feature record: CXX_FEATURE:0cxx_generic_lambdas
    Feature record: CXX_FEATURE:1cxx_inheriting_constructors
    Feature record: CXX_FEATURE:1cxx_inline_namespaces
    Feature record: CXX_FEATURE:1cxx_lambdas
    Feature record: CXX_FEATURE:0cxx_lambda_init_captures
    Feature record: CXX_FEATURE:1cxx_local_type_template_args
    Feature record: CXX_FEATURE:1cxx_long_long_type
    Feature record: CXX_FEATURE:1cxx_noexcept
    Feature record: CXX_FEATURE:1cxx_nonstatic_member_init
    Feature record: CXX_FEATURE:1cxx_nullptr
    Feature record: CXX_FEATURE:1cxx_override
    Feature record: CXX_FEATURE:1cxx_range_for
    Feature record: CXX_FEATURE:1cxx_raw_string_literals
    Feature record: CXX_FEATURE:1cxx_reference_qualified_functions
    Feature record: CXX_FEATURE:0cxx_relaxed_constexpr
    Feature record: CXX_FEATURE:0cxx_return_type_deduction
    Feature record: CXX_FEATURE:1cxx_right_angle_brackets
    Feature record: CXX_FEATURE:1cxx_rvalue_references
    Feature record: CXX_FEATURE:1cxx_sizeof_member
    Feature record: CXX_FEATURE:1cxx_static_assert
    Feature record: CXX_FEATURE:1cxx_strong_enums
    Feature record: CXX_FEATURE:1cxx_template_template_parameters
    Feature record: CXX_FEATURE:1cxx_thread_local
    Feature record: CXX_FEATURE:1cxx_trailing_return_types
    Feature record: CXX_FEATURE:1cxx_unicode_literals
    Feature record: CXX_FEATURE:1cxx_uniform_initialization
    Feature record: CXX_FEATURE:1cxx_unrestricted_unions
    Feature record: CXX_FEATURE:1cxx_user_literals
    Feature record: CXX_FEATURE:0cxx_variable_templates
    Feature record: CXX_FEATURE:1cxx_variadic_macros
    Feature record: CXX_FEATURE:1cxx_variadic_templates


Detecting CXX [-std=c++98] compiler features compiled with the following output:
Change Dir: /home/6ima2/jolan.goulin/Bureau/projet c++/Simple-Cpp-Setup-main/build/CMakeFiles/CMakeTmp

Run Build Command:"/usr/bin/make" "cmTC_3b93a/fast"
/usr/bin/make -f CMakeFiles/cmTC_3b93a.dir/build.make CMakeFiles/cmTC_3b93a.dir/build
make[1] : on entre dans le répertoire « /home/6ima2/jolan.goulin/Bureau/projet c++/Simple-Cpp-Setup-main/build/CMakeFiles/CMakeTmp »
Building CXX object CMakeFiles/cmTC_3b93a.dir/feature_tests.cxx.o
/usr/bin/clang++-7    -std=c++98 -o CMakeFiles/cmTC_3b93a.dir/feature_tests.cxx.o -c "/home/6ima2/jolan.goulin/Bureau/projet c++/Simple-Cpp-Setup-main/build/CMakeFiles/feature_tests.cxx"
Linking CXX executable cmTC_3b93a
/usr/bin/cmake -E cmake_link_script CMakeFiles/cmTC_3b93a.dir/link.txt --verbose=1
/usr/bin/clang++-7       CMakeFiles/cmTC_3b93a.dir/feature_tests.cxx.o  -o cmTC_3b93a 
make[1] : on quitte le répertoire « /home/6ima2/jolan.goulin/Bureau/projet c++/Simple-Cpp-Setup-main/build/CMakeFiles/CMakeTmp »


    Feature record: CXX_FEATURE:0cxx_aggregate_default_initializers
    Feature record: CXX_FEATURE:0cxx_alias_templates
    Feature record: CXX_FEATURE:0cxx_alignas
    Feature record: CXX_FEATURE:0cxx_alignof
    Feature record: CXX_FEATURE:0cxx_attributes
    Feature record: CXX_FEATURE:0cxx_attribute_deprecated
    Feature record: CXX_FEATURE:0cxx_auto_type
    Feature record: CXX_FEATURE:0cxx_binary_literals
    Feature record: CXX_FEATURE:0cxx_constexpr
    Feature record: CXX_FEATURE:0cxx_contextual_conversions
    Feature record: CXX_FEATURE:0cxx_decltype
    Feature record: CXX_FEATURE:0cxx_decltype_auto
    Feature record: CXX_FEATURE:0cxx_decltype_incomplete_return_types
    Feature record: CXX_FEATURE:0cxx_default_function_template_args
    Feature record: CXX_FEATURE:0cxx_defaulted_functions
    Feature record: CXX_FEATURE:0cxx_defaulted_move_initializers
    Feature record: CXX_FEATURE:0cxx_delegating_constructors
    Feature record: CXX_FEATURE:0cxx_deleted_functions
    Feature record: CXX_FEATURE:0cxx_digit_separators
    Feature record: CXX_FEATURE:0cxx_enum_forward_declarations
    Feature record: CXX_FEATURE:0cxx_explicit_conversions
    Feature record: CXX_FEATURE:0cxx_extended_friend_declarations
    Feature record: CXX_FEATURE:0cxx_extern_templates
    Feature record: CXX_FEATURE:0cxx_final
    Feature record: CXX_FEATURE:0cxx_func_identifier
    Feature record: CXX_FEATURE:0cxx_generalized_initializers
    Feature record: CXX_FEATURE:0cxx_generic_lambdas
    Feature record: CXX_FEATURE:0cxx_inheriting_constructors
    Feature record: CXX_FEATURE:0cxx_inline_namespaces
    Feature record: CXX_FEATURE:0cxx_lambdas
    Feature record: CXX_FEATURE:0cxx_lambda_init_captures
    Feature record: CXX_FEATURE:0cxx_local_type_template_args
    Feature record: CXX_FEATURE:0cxx_long_long_type
    Feature record: CXX_FEATURE:0cxx_noexcept
    Feature record: CXX_FEATURE:0cxx_nonstatic_member_init
    Feature record: CXX_FEATURE:0cxx_nullptr
    Feature record: CXX_FEATURE:0cxx_override
    Feature record: CXX_FEATURE:0cxx_range_for
    Feature record: CXX_FEATURE:0cxx_raw_string_literals
    Feature record: CXX_FEATURE:0cxx_reference_qualified_functions
    Feature record: CXX_FEATURE:0cxx_relaxed_constexpr
    Feature record: CXX_FEATURE:0cxx_return_type_deduction
    Feature record: CXX_FEATURE:0cxx_right_angle_brackets
    Feature record: CXX_FEATURE:0cxx_rvalue_references
    Feature record: CXX_FEATURE:0cxx_sizeof_member
    Feature record: CXX_FEATURE:0cxx_static_assert
    Feature record: CXX_FEATURE:0cxx_strong_enums
    Feature record: CXX_FEATURE:1cxx_template_template_parameters
    Feature record: CXX_FEATURE:0cxx_thread_local
    Feature record: CXX_FEATURE:0cxx_trailing_return_types
    Feature record: CXX_FEATURE:0cxx_unicode_literals
    Feature record: CXX_FEATURE:0cxx_uniform_initialization
    Feature record: CXX_FEATURE:0cxx_unrestricted_unions
    Feature record: CXX_FEATURE:0cxx_user_literals
    Feature record: CXX_FEATURE:0cxx_variable_templates
    Feature record: CXX_FEATURE:0cxx_variadic_macros
    Feature record: CXX_FEATURE:0cxx_variadic_templates
Determining if the include file pthread.h exists passed with the following output:
Change Dir: /home/6ima2/jolan.goulin/Bureau/projet c++/Simple-Cpp-Setup-main/build/CMakeFiles/CMakeTmp

Run Build Command:"/usr/bin/make" "cmTC_e0fe7/fast"
/usr/bin/make -f CMakeFiles/cmTC_e0fe7.dir/build.make CMakeFiles/cmTC_e0fe7.dir/build
make[1] : on entre dans le répertoire « /home/6ima2/jolan.goulin/Bureau/projet c++/Simple-Cpp-Setup-main/build/CMakeFiles/CMakeTmp »
Building C object CMakeFiles/cmTC_e0fe7.dir/CheckIncludeFile.c.o
/usr/bin/clang-7    -o CMakeFiles/cmTC_e0fe7.dir/CheckIncludeFile.c.o   -c "/home/6ima2/jolan.goulin/Bureau/projet c++/Simple-Cpp-Setup-main/build/CMakeFiles/CMakeTmp/CheckIncludeFile.c"
Linking C executable cmTC_e0fe7
/usr/bin/cmake -E cmake_link_script CMakeFiles/cmTC_e0fe7.dir/link.txt --verbose=1
/usr/bin/clang-7      CMakeFiles/cmTC_e0fe7.dir/CheckIncludeFile.c.o  -o cmTC_e0fe7 
make[1] : on quitte le répertoire « /home/6ima2/jolan.goulin/Bureau/projet c++/Simple-Cpp-Setup-main/build/CMakeFiles/CMakeTmp »


Determining if the function pthread_create exists in the pthread passed with the following output:
Change Dir: /home/6ima2/jolan.goulin/Bureau/projet c++/Simple-Cpp-Setup-main/build/CMakeFiles/CMakeTmp

Run Build Command:"/usr/bin/make" "cmTC_177f4/fast"
/usr/bin/make -f CMakeFiles/cmTC_177f4.dir/build.make CMakeFiles/cmTC_177f4.dir/build
make[1] : on entre dans le répertoire « /home/6ima2/jolan.goulin/Bureau/projet c++/Simple-Cpp-Setup-main/build/CMakeFiles/CMakeTmp »
Building C object CMakeFiles/cmTC_177f4.dir/CheckFunctionExists.c.o
/usr/bin/clang-7   -DCHECK_FUNCTION_EXISTS=pthread_create   -o CMakeFiles/cmTC_177f4.dir/CheckFunctionExists.c.o   -c /usr/share/cmake-3.13/Modules/CheckFunctionExists.c
Linking C executable cmTC_177f4
/usr/bin/cmake -E cmake_link_script CMakeFiles/cmTC_177f4.dir/link.txt --verbose=1
/usr/bin/clang-7  -DCHECK_FUNCTION_EXISTS=pthread_create    CMakeFiles/cmTC_177f4.dir/CheckFunctionExists.c.o  -o cmTC_177f4 -lpthread 
make[1] : on quitte le répertoire « /home/6ima2/jolan.goulin/Bureau/projet c++/Simple-Cpp-Setup-main/build/CMakeFiles/CMakeTmp »


Determining if the function XOpenDisplay exists in the /usr/lib/x86_64-linux-gnu/libX11.so;/usr/lib/x86_64-linux-gnu/libXext.so passed with the following output:
Change Dir: /home/6ima2/jolan.goulin/Bureau/projet c++/Simple-Cpp-Setup-main/build/CMakeFiles/CMakeTmp

Run Build Command:"/usr/bin/make" "cmTC_13d8f/fast"
/usr/bin/make -f CMakeFiles/cmTC_13d8f.dir/build.make CMakeFiles/cmTC_13d8f.dir/build
make[1] : on entre dans le répertoire « /home/6ima2/jolan.goulin/Bureau/projet c++/Simple-Cpp-Setup-main/build/CMakeFiles/CMakeTmp »
Building C object CMakeFiles/cmTC_13d8f.dir/CheckFunctionExists.c.o
/usr/bin/clang-7   -DCHECK_FUNCTION_EXISTS=XOpenDisplay   -o CMakeFiles/cmTC_13d8f.dir/CheckFunctionExists.c.o   -c /usr/share/cmake-3.13/Modules/CheckFunctionExists.c
Linking C executable cmTC_13d8f
/usr/bin/cmake -E cmake_link_script CMakeFiles/cmTC_13d8f.dir/link.txt --verbose=1
/usr/bin/clang-7  -DCHECK_FUNCTION_EXISTS=XOpenDisplay    CMakeFiles/cmTC_13d8f.dir/CheckFunctionExists.c.o  -o cmTC_13d8f /usr/lib/x86_64-linux-gnu/libX11.so /usr/lib/x86_64-linux-gnu/libXext.so 
make[1] : on quitte le répertoire « /home/6ima2/jolan.goulin/Bureau/projet c++/Simple-Cpp-Setup-main/build/CMakeFiles/CMakeTmp »


Determining if the function gethostbyname exists passed with the following output:
Change Dir: /home/6ima2/jolan.goulin/Bureau/projet c++/Simple-Cpp-Setup-main/build/CMakeFiles/CMakeTmp

Run Build Command:"/usr/bin/make" "cmTC_d5178/fast"
/usr/bin/make -f CMakeFiles/cmTC_d5178.dir/build.make CMakeFiles/cmTC_d5178.dir/build
make[1] : on entre dans le répertoire « /home/6ima2/jolan.goulin/Bureau/projet c++/Simple-Cpp-Setup-main/build/CMakeFiles/CMakeTmp »
Building C object CMakeFiles/cmTC_d5178.dir/CheckFunctionExists.c.o
/usr/bin/clang-7   -DCHECK_FUNCTION_EXISTS=gethostbyname   -o CMakeFiles/cmTC_d5178.dir/CheckFunctionExists.c.o   -c /usr/share/cmake-3.13/Modules/CheckFunctionExists.c
Linking C executable cmTC_d5178
/usr/bin/cmake -E cmake_link_script CMakeFiles/cmTC_d5178.dir/link.txt --verbose=1
/usr/bin/clang-7  -DCHECK_FUNCTION_EXISTS=gethostbyname    CMakeFiles/cmTC_d5178.dir/CheckFunctionExists.c.o  -o cmTC_d5178 
make[1] : on quitte le répertoire « /home/6ima2/jolan.goulin/Bureau/projet c++/Simple-Cpp-Setup-main/build/CMakeFiles/CMakeTmp »


Determining if the function connect exists passed with the following output:
Change Dir: /home/6ima2/jolan.goulin/Bureau/projet c++/Simple-Cpp-Setup-main/build/CMakeFiles/CMakeTmp

Run Build Command:"/usr/bin/make" "cmTC_bd714/fast"
/usr/bin/make -f CMakeFiles/cmTC_bd714.dir/build.make CMakeFiles/cmTC_bd714.dir/build
make[1] : on entre dans le répertoire « /home/6ima2/jolan.goulin/Bureau/projet c++/Simple-Cpp-Setup-main/build/CMakeFiles/CMakeTmp »
Building C object CMakeFiles/cmTC_bd714.dir/CheckFunctionExists.c.o
/usr/bin/clang-7   -DCHECK_FUNCTION_EXISTS=connect   -o CMakeFiles/cmTC_bd714.dir/CheckFunctionExists.c.o   -c /usr/share/cmake-3.13/Modules/CheckFunctionExists.c
Linking C executable cmTC_bd714
/usr/bin/cmake -E cmake_link_script CMakeFiles/cmTC_bd714.dir/link.txt --verbose=1
/usr/bin/clang-7  -DCHECK_FUNCTION_EXISTS=connect    CMakeFiles/cmTC_bd714.dir/CheckFunctionExists.c.o  -o cmTC_bd714 
make[1] : on quitte le répertoire « /home/6ima2/jolan.goulin/Bureau/projet c++/Simple-Cpp-Setup-main/build/CMakeFiles/CMakeTmp »


Determining if the function remove exists passed with the following output:
Change Dir: /home/6ima2/jolan.goulin/Bureau/projet c++/Simple-Cpp-Setup-main/build/CMakeFiles/CMakeTmp

Run Build Command:"/usr/bin/make" "cmTC_e5b21/fast"
/usr/bin/make -f CMakeFiles/cmTC_e5b21.dir/build.make CMakeFiles/cmTC_e5b21.dir/build
make[1] : on entre dans le répertoire « /home/6ima2/jolan.goulin/Bureau/projet c++/Simple-Cpp-Setup-main/build/CMakeFiles/CMakeTmp »
Building C object CMakeFiles/cmTC_e5b21.dir/CheckFunctionExists.c.o
/usr/bin/clang-7   -DCHECK_FUNCTION_EXISTS=remove   -o CMakeFiles/cmTC_e5b21.dir/CheckFunctionExists.c.o   -c /usr/share/cmake-3.13/Modules/CheckFunctionExists.c
Linking C executable cmTC_e5b21
/usr/bin/cmake -E cmake_link_script CMakeFiles/cmTC_e5b21.dir/link.txt --verbose=1
/usr/bin/clang-7  -DCHECK_FUNCTION_EXISTS=remove    CMakeFiles/cmTC_e5b21.dir/CheckFunctionExists.c.o  -o cmTC_e5b21 
make[1] : on quitte le répertoire « /home/6ima2/jolan.goulin/Bureau/projet c++/Simple-Cpp-Setup-main/build/CMakeFiles/CMakeTmp »


Determining if the function shmat exists passed with the following output:
Change Dir: /home/6ima2/jolan.goulin/Bureau/projet c++/Simple-Cpp-Setup-main/build/CMakeFiles/CMakeTmp

Run Build Command:"/usr/bin/make" "cmTC_fc64f/fast"
/usr/bin/make -f CMakeFiles/cmTC_fc64f.dir/build.make CMakeFiles/cmTC_fc64f.dir/build
make[1] : on entre dans le répertoire « /home/6ima2/jolan.goulin/Bureau/projet c++/Simple-Cpp-Setup-main/build/CMakeFiles/CMakeTmp »
Building C object CMakeFiles/cmTC_fc64f.dir/CheckFunctionExists.c.o
/usr/bin/clang-7   -DCHECK_FUNCTION_EXISTS=shmat   -o CMakeFiles/cmTC_fc64f.dir/CheckFunctionExists.c.o   -c /usr/share/cmake-3.13/Modules/CheckFunctionExists.c
Linking C executable cmTC_fc64f
/usr/bin/cmake -E cmake_link_script CMakeFiles/cmTC_fc64f.dir/link.txt --verbose=1
/usr/bin/clang-7  -DCHECK_FUNCTION_EXISTS=shmat    CMakeFiles/cmTC_fc64f.dir/CheckFunctionExists.c.o  -o cmTC_fc64f 
make[1] : on quitte le répertoire « /home/6ima2/jolan.goulin/Bureau/projet c++/Simple-Cpp-Setup-main/build/CMakeFiles/CMakeTmp »


Determining if the function IceConnectionNumber exists in the ICE passed with the following output:
Change Dir: /home/6ima2/jolan.goulin/Bureau/projet c++/Simple-Cpp-Setup-main/build/CMakeFiles/CMakeTmp

Run Build Command:"/usr/bin/make" "cmTC_6338f/fast"
/usr/bin/make -f CMakeFiles/cmTC_6338f.dir/build.make CMakeFiles/cmTC_6338f.dir/build
make[1] : on entre dans le répertoire « /home/6ima2/jolan.goulin/Bureau/projet c++/Simple-Cpp-Setup-main/build/CMakeFiles/CMakeTmp »
Building C object CMakeFiles/cmTC_6338f.dir/CheckFunctionExists.c.o
/usr/bin/clang-7   -DCHECK_FUNCTION_EXISTS=IceConnectionNumber   -o CMakeFiles/cmTC_6338f.dir/CheckFunctionExists.c.o   -c /usr/share/cmake-3.13/Modules/CheckFunctionExists.c
Linking C executable cmTC_6338f
/usr/bin/cmake -E cmake_link_script CMakeFiles/cmTC_6338f.dir/link.txt --verbose=1
/usr/bin/clang-7  -DCHECK_FUNCTION_EXISTS=IceConnectionNumber    CMakeFiles/cmTC_6338f.dir/CheckFunctionExists.c.o  -o cmTC_6338f -lICE 
make[1] : on quitte le répertoire « /home/6ima2/jolan.goulin/Bureau/projet c++/Simple-Cpp-Setup-main/build/CMakeFiles/CMakeTmp »


